网页生成日期 2023-10-21 周六 20:08

数据更新日期 2023-10-20 周五 20:00
系统建议策略:【出现创业板抄底指标！！！】预计短期涨幅15%(慢！加仓)，后续回调后有大行情

大盘温度16.0°C ↓1.4°C limit:7°C
股债温度12.0°C ↓1.8°C limit:7°C
知行温度20.0°C ↓1.0°C limit:8°C
贪恐温度40.3°C ↓5.4°C limit:5°C

创业板温度0.0°C ↓0.1°C
【接近下轨】-2.95%
美债预测动量↑4.1%

其它参考：美债百分位:98.58%

---------------------------------
网页生成日期 2023-10-21 周六 20:15

数据更新日期 2023-10-20 周五 20:00
系统建议策略:【出现创业板抄底指标！！！】预计短期涨幅15%(慢！加仓)，后续回调后有大行情

大盘温度16.0°C ↓1.4°C limit:7°C
股债温度12.0°C ↓1.8°C limit:7°C
知行温度20.0°C ↓1.0°C limit:8°C
贪恐温度9.1°C ↓4.5°C limit:5°C

创业板温度0.0°C ↓0.1°C
【接近下轨】-2.95%
美债预测动量↑4.1%

其它参考：美债百分位:98.58%